ok 1 - prepare ok
ok 2 - finished insert
#########Test fetch the first record############
ok 3 - execute select
ok 4 - i data right
ok 5 - data right
ok 6 - data right
#########Test fetch the second record after commit############
ok 7 - i data right
ok 8 - data right
ok 9 - data right
#########Test fetch record after rollback############
ok 10 - i data right
ok 11 - data right
ok 12 - data right
#########Test fetch record after execute again############
ok 13 - execute select
ok 14 - i data right
ok 15 - data right
ok 16 - data right
1..16
